<?xml version="1.0" encoding="UTF-8"?>
<robot generator="Robot 5.0 (Python 3.8.5 on win32)" generated="20220409 21:40:25.051" rpa="false" schemaversion="3">
<suite id="s1" name="CRS" source="C:\Users\Prathmesh\Training\RoboticFramework\Tests\CRS\FunctionalTestSuite\CRS.robot">
<test id="s1-t1" name="guest user test case" line="10">
<kw name="Open Browser" library="SeleniumLibrary">
<arg>${url}</arg>
<arg>chrome</arg>
<doc>Opens a new browser instance to the optional ``url``.</doc>
<msg timestamp="20220409 21:40:25.627" level="INFO">Opening browser 'chrome' to base url 'http://127.0.0.1:5000/'.</msg>
<status status="PASS" starttime="20220409 21:40:25.627" endtime="20220409 21:40:28.975"/>
</kw>
<kw name="Maximize Browser Window" library="SeleniumLibrary">
<doc>Maximizes current browser window.</doc>
<status status="PASS" starttime="20220409 21:40:28.975" endtime="20220409 21:40:29.136"/>
</kw>
<kw name="Sleep" library="BuiltIn">
<arg>2s</arg>
<doc>Pauses the test executed for the given time.</doc>
<msg timestamp="20220409 21:40:31.146" level="INFO">Slept 2 seconds</msg>
<status status="PASS" starttime="20220409 21:40:29.136" endtime="20220409 21:40:31.146"/>
</kw>
<kw name="Click Element" library="SeleniumLibrary">
<arg>xpath=/html/body/nav/div/div/ul/li[3]/a</arg>
<doc>Click the element identified by ``locator``.</doc>
<msg timestamp="20220409 21:40:31.146" level="INFO">Clicking element 'xpath=/html/body/nav/div/div/ul/li[3]/a'.</msg>
<status status="PASS" starttime="20220409 21:40:31.146" endtime="20220409 21:40:31.385"/>
</kw>
<kw name="Sleep" library="BuiltIn">
<arg>2s</arg>
<doc>Pauses the test executed for the given time.</doc>
<msg timestamp="20220409 21:40:33.387" level="INFO">Slept 2 seconds</msg>
<status status="PASS" starttime="20220409 21:40:31.385" endtime="20220409 21:40:33.387"/>
</kw>
<doc>guest module</doc>
<tag>CRS</tag>
<status status="PASS" starttime="20220409 21:40:25.627" endtime="20220409 21:40:33.387"/>
</test>
<test id="s1-t2" name="guest report test case" line="19">
<kw name="Input Text" library="SeleniumLibrary">
<arg>name:description</arg>
<arg>xyxyxyxy</arg>
<doc>Types the given ``text`` into the text field identified by ``locator``.</doc>
<msg timestamp="20220409 21:40:33.387" level="INFO">Typing text 'xyxyxyxy' into text field 'name:description'.</msg>
<status status="PASS" starttime="20220409 21:40:33.387" endtime="20220409 21:40:33.637"/>
</kw>
<kw name="Sleep" library="BuiltIn">
<arg>2s</arg>
<doc>Pauses the test executed for the given time.</doc>
<msg timestamp="20220409 21:40:35.648" level="INFO">Slept 2 seconds</msg>
<status status="PASS" starttime="20220409 21:40:33.637" endtime="20220409 21:40:35.648"/>
</kw>
<kw name="Input Text" library="SeleniumLibrary">
<arg>name:remarks</arg>
<arg>9875</arg>
<doc>Types the given ``text`` into the text field identified by ``locator``.</doc>
<msg timestamp="20220409 21:40:35.648" level="INFO">Typing text '9875' into text field 'name:remarks'.</msg>
<status status="PASS" starttime="20220409 21:40:35.648" endtime="20220409 21:40:35.863"/>
</kw>
<kw name="Sleep" library="BuiltIn">
<arg>2s</arg>
<doc>Pauses the test executed for the given time.</doc>
<msg timestamp="20220409 21:40:37.877" level="INFO">Slept 2 seconds</msg>
<status status="PASS" starttime="20220409 21:40:35.863" endtime="20220409 21:40:37.877"/>
</kw>
<kw name="Click Button" library="SeleniumLibrary">
<arg>xpath=/html/body/div/div/div/form/table/tbody/tr[3]/td[2]/button</arg>
<doc>Clicks the button identified by ``locator``.</doc>
<msg timestamp="20220409 21:40:37.877" level="INFO">Clicking button 'xpath=/html/body/div/div/div/form/table/tbody/tr[3]/td[2]/button'.</msg>
<status status="PASS" starttime="20220409 21:40:37.877" endtime="20220409 21:40:38.200"/>
</kw>
<kw name="Sleep" library="BuiltIn">
<arg>3s</arg>
<doc>Pauses the test executed for the given time.</doc>
<msg timestamp="20220409 21:40:41.207" level="INFO">Slept 3 seconds</msg>
<status status="PASS" starttime="20220409 21:40:38.200" endtime="20220409 21:40:41.207"/>
</kw>
<doc>complaint report by guest</doc>
<tag>CRS</tag>
<status status="PASS" starttime="20220409 21:40:33.387" endtime="20220409 21:40:41.207"/>
</test>
<test id="s1-t3" name="Go to home page test case" line="29">
<kw name="Click Element" library="SeleniumLibrary">
<arg>xpath=/html/body/nav/div/a</arg>
<doc>Click the element identified by ``locator``.</doc>
<msg timestamp="20220409 21:40:41.211" level="INFO">Clicking element 'xpath=/html/body/nav/div/a'.</msg>
<status status="PASS" starttime="20220409 21:40:41.211" endtime="20220409 21:40:41.433"/>
</kw>
<kw name="Sleep" library="BuiltIn">
<arg>5s</arg>
<doc>Pauses the test executed for the given time.</doc>
<msg timestamp="20220409 21:40:46.448" level="INFO">Slept 5 seconds</msg>
<status status="PASS" starttime="20220409 21:40:41.433" endtime="20220409 21:40:46.448"/>
</kw>
<doc>navigating to home</doc>
<tag>CRS</tag>
<status status="PASS" starttime="20220409 21:40:41.207" endtime="20220409 21:40:46.448"/>
</test>
<test id="s1-t4" name="user test case" line="35">
<kw name="Click Element" library="SeleniumLibrary">
<arg>xpath=/html/body/nav/div/div/ul/li[2]/a</arg>
<doc>Click the element identified by ``locator``.</doc>
<msg timestamp="20220409 21:40:46.448" level="INFO">Clicking element 'xpath=/html/body/nav/div/div/ul/li[2]/a'.</msg>
<status status="PASS" starttime="20220409 21:40:46.448" endtime="20220409 21:40:46.685"/>
</kw>
<kw name="Sleep" library="BuiltIn">
<arg>2s</arg>
<doc>Pauses the test executed for the given time.</doc>
<msg timestamp="20220409 21:40:48.700" level="INFO">Slept 2 seconds</msg>
<status status="PASS" starttime="20220409 21:40:46.685" endtime="20220409 21:40:48.700"/>
</kw>
<doc>Clicking on user module</doc>
<tag>CRS</tag>
<status status="PASS" starttime="20220409 21:40:46.448" endtime="20220409 21:40:48.700"/>
</test>
<test id="s1-t5" name="registeration for user test case" line="41">
<kw name="Click Element" library="SeleniumLibrary">
<arg>xpath=/html/body/div/div/div/form/table/tbody/tr[4]/td/a</arg>
<doc>Click the element identified by ``locator``.</doc>
<msg timestamp="20220409 21:40:48.700" level="INFO">Clicking element 'xpath=/html/body/div/div/div/form/table/tbody/tr[4]/td/a'.</msg>
<status status="PASS" starttime="20220409 21:40:48.700" endtime="20220409 21:40:48.898"/>
</kw>
<kw name="Sleep" library="BuiltIn">
<arg>2s</arg>
<doc>Pauses the test executed for the given time.</doc>
<msg timestamp="20220409 21:40:50.908" level="INFO">Slept 2 seconds</msg>
<status status="PASS" starttime="20220409 21:40:48.898" endtime="20220409 21:40:50.908"/>
</kw>
<kw name="Input Text" library="SeleniumLibrary">
<arg>name:name</arg>
<arg>Raman</arg>
<doc>Types the given ``text`` into the text field identified by ``locator``.</doc>
<msg timestamp="20220409 21:40:50.908" level="INFO">Typing text 'Raman' into text field 'name:name'.</msg>
<status status="PASS" starttime="20220409 21:40:50.908" endtime="20220409 21:40:51.124"/>
</kw>
<kw name="Sleep" library="BuiltIn">
<arg>2s</arg>
<doc>Pauses the test executed for the given time.</doc>
<msg timestamp="20220409 21:40:53.126" level="INFO">Slept 2 seconds</msg>
<status status="PASS" starttime="20220409 21:40:51.124" endtime="20220409 21:40:53.126"/>
</kw>
<kw name="Input Text" library="SeleniumLibrary">
<arg>name:address</arg>
<arg>Goa</arg>
<doc>Types the given ``text`` into the text field identified by ``locator``.</doc>
<msg timestamp="20220409 21:40:53.126" level="INFO">Typing text 'Goa' into text field 'name:address'.</msg>
<status status="PASS" starttime="20220409 21:40:53.126" endtime="20220409 21:40:53.326"/>
</kw>
<kw name="Sleep" library="BuiltIn">
<arg>2s</arg>
<doc>Pauses the test executed for the given time.</doc>
<msg timestamp="20220409 21:40:55.334" level="INFO">Slept 2 seconds</msg>
<status status="PASS" starttime="20220409 21:40:53.326" endtime="20220409 21:40:55.334"/>
</kw>
<kw name="Input Text" library="SeleniumLibrary">
<arg>name:email</arg>
<arg>raman@gmail.com</arg>
<doc>Types the given ``text`` into the text field identified by ``locator``.</doc>
<msg timestamp="20220409 21:40:55.334" level="INFO">Typing text 'raman@gmail.com' into text field 'name:email'.</msg>
<status status="PASS" starttime="20220409 21:40:55.334" endtime="20220409 21:40:55.554"/>
</kw>
<kw name="Sleep" library="BuiltIn">
<arg>2s</arg>
<doc>Pauses the test executed for the given time.</doc>
<msg timestamp="20220409 21:40:57.574" level="INFO">Slept 2 seconds</msg>
<status status="PASS" starttime="20220409 21:40:55.554" endtime="20220409 21:40:57.574"/>
</kw>
<kw name="Input Text" library="SeleniumLibrary">
<arg>name:mno</arg>
<arg>353464265</arg>
<doc>Types the given ``text`` into the text field identified by ``locator``.</doc>
<msg timestamp="20220409 21:40:57.574" level="INFO">Typing text '353464265' into text field 'name:mno'.</msg>
<status status="PASS" starttime="20220409 21:40:57.574" endtime="20220409 21:40:57.796"/>
</kw>
<kw name="Sleep" library="BuiltIn">
<arg>2s</arg>
<doc>Pauses the test executed for the given time.</doc>
<msg timestamp="20220409 21:40:59.803" level="INFO">Slept 2 seconds</msg>
<status status="PASS" starttime="20220409 21:40:57.796" endtime="20220409 21:40:59.804"/>
</kw>
<kw name="Input Text" library="SeleniumLibrary">
<arg>name:pswd</arg>
<arg>123</arg>
<doc>Types the given ``text`` into the text field identified by ``locator``.</doc>
<msg timestamp="20220409 21:40:59.804" level="INFO">Typing text '123' into text field 'name:pswd'.</msg>
<status status="PASS" starttime="20220409 21:40:59.804" endtime="20220409 21:41:00.004"/>
</kw>
<kw name="Sleep" library="BuiltIn">
<arg>2s</arg>
<doc>Pauses the test executed for the given time.</doc>
<msg timestamp="20220409 21:41:02.022" level="INFO">Slept 2 seconds</msg>
<status status="PASS" starttime="20220409 21:41:00.004" endtime="20220409 21:41:02.022"/>
</kw>
<kw name="Click Button" library="SeleniumLibrary">
<arg>xpath=/html/body/div/div/div/form/table/tbody/tr[6]/td[2]/button</arg>
<doc>Clicks the button identified by ``locator``.</doc>
<msg timestamp="20220409 21:41:02.024" level="INFO">Clicking button 'xpath=/html/body/div/div/div/form/table/tbody/tr[6]/td[2]/button'.</msg>
<status status="PASS" starttime="20220409 21:41:02.024" endtime="20220409 21:41:02.290"/>
</kw>
<kw name="Sleep" library="BuiltIn">
<arg>3s</arg>
<doc>Pauses the test executed for the given time.</doc>
<msg timestamp="20220409 21:41:05.295" level="INFO">Slept 3 seconds</msg>
<status status="PASS" starttime="20220409 21:41:02.290" endtime="20220409 21:41:05.295"/>
</kw>
<doc>user Registering</doc>
<tag>CRS</tag>
<status status="PASS" starttime="20220409 21:40:48.700" endtime="20220409 21:41:05.295"/>
</test>
<test id="s1-t6" name="login user test case" line="59">
<kw name="Input Text" library="SeleniumLibrary">
<arg>name:email</arg>
<arg>prathmeshsandikar@gmail.com</arg>
<doc>Types the given ``text`` into the text field identified by ``locator``.</doc>
<msg timestamp="20220409 21:41:05.295" level="INFO">Typing text 'prathmeshsandikar@gmail.com' into text field 'name:email'.</msg>
<status status="PASS" starttime="20220409 21:41:05.295" endtime="20220409 21:41:05.541"/>
</kw>
<kw name="Sleep" library="BuiltIn">
<arg>2s</arg>
<doc>Pauses the test executed for the given time.</doc>
<msg timestamp="20220409 21:41:07.551" level="INFO">Slept 2 seconds</msg>
<status status="PASS" starttime="20220409 21:41:05.546" endtime="20220409 21:41:07.551"/>
</kw>
<kw name="Input Text" library="SeleniumLibrary">
<arg>name:pswd</arg>
<arg>123</arg>
<doc>Types the given ``text`` into the text field identified by ``locator``.</doc>
<msg timestamp="20220409 21:41:07.551" level="INFO">Typing text '123' into text field 'name:pswd'.</msg>
<status status="PASS" starttime="20220409 21:41:07.551" endtime="20220409 21:41:07.735"/>
</kw>
<kw name="Sleep" library="BuiltIn">
<arg>2s</arg>
<doc>Pauses the test executed for the given time.</doc>
<msg timestamp="20220409 21:41:09.743" level="INFO">Slept 2 seconds</msg>
<status status="PASS" starttime="20220409 21:41:07.735" endtime="20220409 21:41:09.743"/>
</kw>
<kw name="Click Button" library="SeleniumLibrary">
<arg>xpath=/html/body/div/div/div/form/table/tbody/tr[3]/td[2]/button</arg>
<doc>Clicks the button identified by ``locator``.</doc>
<msg timestamp="20220409 21:41:09.744" level="INFO">Clicking button 'xpath=/html/body/div/div/div/form/table/tbody/tr[3]/td[2]/button'.</msg>
<status status="PASS" starttime="20220409 21:41:09.744" endtime="20220409 21:41:10.001"/>
</kw>
<kw name="Sleep" library="BuiltIn">
<arg>3s</arg>
<doc>Pauses the test executed for the given time.</doc>
<msg timestamp="20220409 21:41:13.020" level="INFO">Slept 3 seconds</msg>
<status status="PASS" starttime="20220409 21:41:10.011" endtime="20220409 21:41:13.020"/>
</kw>
<doc>user login</doc>
<tag>CRS</tag>
<status status="PASS" starttime="20220409 21:41:05.295" endtime="20220409 21:41:13.020"/>
</test>
<test id="s1-t7" name="user report test case" line="69">
<kw name="Input Text" library="SeleniumLibrary">
<arg>name:description</arg>
<arg>yzyzyzyzyzyz</arg>
<doc>Types the given ``text`` into the text field identified by ``locator``.</doc>
<msg timestamp="20220409 21:41:13.020" level="INFO">Typing text 'yzyzyzyzyzyz' into text field 'name:description'.</msg>
<status status="PASS" starttime="20220409 21:41:13.020" endtime="20220409 21:41:13.234"/>
</kw>
<kw name="Sleep" library="BuiltIn">
<arg>2s</arg>
<doc>Pauses the test executed for the given time.</doc>
<msg timestamp="20220409 21:41:15.255" level="INFO">Slept 2 seconds</msg>
<status status="PASS" starttime="20220409 21:41:13.243" endtime="20220409 21:41:15.255"/>
</kw>
<kw name="Input Text" library="SeleniumLibrary">
<arg>name:remarks</arg>
<arg>987578</arg>
<doc>Types the given ``text`` into the text field identified by ``locator``.</doc>
<msg timestamp="20220409 21:41:15.255" level="INFO">Typing text '987578' into text field 'name:remarks'.</msg>
<status status="PASS" starttime="20220409 21:41:15.255" endtime="20220409 21:41:15.455"/>
</kw>
<kw name="Sleep" library="BuiltIn">
<arg>2s</arg>
<doc>Pauses the test executed for the given time.</doc>
<msg timestamp="20220409 21:41:17.462" level="INFO">Slept 2 seconds</msg>
<status status="PASS" starttime="20220409 21:41:15.459" endtime="20220409 21:41:17.462"/>
</kw>
<kw name="Click Button" library="SeleniumLibrary">
<arg>xpath=/html/body/div/div/div/form/table/tbody/tr[3]/td[2]/button</arg>
<doc>Clicks the button identified by ``locator``.</doc>
<msg timestamp="20220409 21:41:17.462" level="INFO">Clicking button 'xpath=/html/body/div/div/div/form/table/tbody/tr[3]/td[2]/button'.</msg>
<status status="PASS" starttime="20220409 21:41:17.462" endtime="20220409 21:41:17.711"/>
</kw>
<kw name="Sleep" library="BuiltIn">
<arg>3s</arg>
<doc>Pauses the test executed for the given time.</doc>
<msg timestamp="20220409 21:41:20.724" level="INFO">Slept 3 seconds</msg>
<status status="PASS" starttime="20220409 21:41:17.711" endtime="20220409 21:41:20.724"/>
</kw>
<doc>complaint report by user</doc>
<tag>CRS</tag>
<status status="PASS" starttime="20220409 21:41:13.020" endtime="20220409 21:41:20.726"/>
</test>
<test id="s1-t8" name="edit user account information test case" line="79">
<kw name="Click Element" library="SeleniumLibrary">
<arg>xpath=/html/body/nav/div/div/ul/li[2]/a</arg>
<doc>Click the element identified by ``locator``.</doc>
<msg timestamp="20220409 21:41:20.726" level="INFO">Clicking element 'xpath=/html/body/nav/div/div/ul/li[2]/a'.</msg>
<status status="PASS" starttime="20220409 21:41:20.726" endtime="20220409 21:41:20.947"/>
</kw>
<kw name="Sleep" library="BuiltIn">
<arg>2s</arg>
<doc>Pauses the test executed for the given time.</doc>
<msg timestamp="20220409 21:41:22.950" level="INFO">Slept 2 seconds</msg>
<status status="PASS" starttime="20220409 21:41:20.947" endtime="20220409 21:41:22.950"/>
</kw>
<kw name="Input Text" library="SeleniumLibrary">
<arg>name:Name</arg>
<arg>Ramuu</arg>
<doc>Types the given ``text`` into the text field identified by ``locator``.</doc>
<msg timestamp="20220409 21:41:22.950" level="INFO">Typing text 'Ramuu' into text field 'name:Name'.</msg>
<status status="PASS" starttime="20220409 21:41:22.950" endtime="20220409 21:41:23.167"/>
</kw>
<kw name="Sleep" library="BuiltIn">
<arg>2s</arg>
<doc>Pauses the test executed for the given time.</doc>
<msg timestamp="20220409 21:41:25.190" level="INFO">Slept 2 seconds</msg>
<status status="PASS" starttime="20220409 21:41:23.167" endtime="20220409 21:41:25.190"/>
</kw>
<kw name="Input Text" library="SeleniumLibrary">
<arg>name:address</arg>
<arg>pune</arg>
<doc>Types the given ``text`` into the text field identified by ``locator``.</doc>
<msg timestamp="20220409 21:41:25.190" level="INFO">Typing text 'pune' into text field 'name:address'.</msg>
<status status="PASS" starttime="20220409 21:41:25.190" endtime="20220409 21:41:25.398"/>
</kw>
<kw name="Sleep" library="BuiltIn">
<arg>2s</arg>
<doc>Pauses the test executed for the given time.</doc>
<msg timestamp="20220409 21:41:27.419" level="INFO">Slept 2 seconds</msg>
<status status="PASS" starttime="20220409 21:41:25.398" endtime="20220409 21:41:27.419"/>
</kw>
<kw name="Input Text" library="SeleniumLibrary">
<arg>name:email</arg>
<arg>ramu@gmail.com</arg>
<doc>Types the given ``text`` into the text field identified by ``locator``.</doc>
<msg timestamp="20220409 21:41:27.419" level="INFO">Typing text 'ramu@gmail.com' into text field 'name:email'.</msg>
<status status="PASS" starttime="20220409 21:41:27.419" endtime="20220409 21:41:27.654"/>
</kw>
<kw name="Sleep" library="BuiltIn">
<arg>2s</arg>
<doc>Pauses the test executed for the given time.</doc>
<msg timestamp="20220409 21:41:29.659" level="INFO">Slept 2 seconds</msg>
<status status="PASS" starttime="20220409 21:41:27.654" endtime="20220409 21:41:29.659"/>
</kw>
<kw name="Input Text" library="SeleniumLibrary">
<arg>name:mno</arg>
<arg>45742542</arg>
<doc>Types the given ``text`` into the text field identified by ``locator``.</doc>
<msg timestamp="20220409 21:41:29.659" level="INFO">Typing text '45742542' into text field 'name:mno'.</msg>
<status status="PASS" starttime="20220409 21:41:29.659" endtime="20220409 21:41:29.893"/>
</kw>
<kw name="Sleep" library="BuiltIn">
<arg>2s</arg>
<doc>Pauses the test executed for the given time.</doc>
<msg timestamp="20220409 21:41:31.921" level="INFO">Slept 2 seconds</msg>
<status status="PASS" starttime="20220409 21:41:29.893" endtime="20220409 21:41:31.921"/>
</kw>
<kw name="Click Button" library="SeleniumLibrary">
<arg>xpath=/html/body/div/div/div/form/table/tbody/tr[5]/td[2]/button</arg>
<doc>Clicks the button identified by ``locator``.</doc>
<msg timestamp="20220409 21:41:31.921" level="INFO">Clicking button 'xpath=/html/body/div/div/div/form/table/tbody/tr[5]/td[2]/button'.</msg>
<status status="PASS" starttime="20220409 21:41:31.921" endtime="20220409 21:41:32.162"/>
</kw>
<kw name="Sleep" library="BuiltIn">
<arg>3s</arg>
<doc>Pauses the test executed for the given time.</doc>
<msg timestamp="20220409 21:41:35.172" level="INFO">Slept 3 seconds</msg>
<status status="PASS" starttime="20220409 21:41:32.162" endtime="20220409 21:41:35.172"/>
</kw>
<doc>editing user</doc>
<tag>CRS</tag>
<status status="PASS" starttime="20220409 21:41:20.726" endtime="20220409 21:41:35.174"/>
</test>
<test id="s1-t9" name="to access user account after logout test case" line="96">
<kw name="Click Element" library="SeleniumLibrary">
<arg>xpath=/html/body/nav/div/div/ul/li[1]/a</arg>
<doc>Click the element identified by ``locator``.</doc>
<msg timestamp="20220409 21:41:35.174" level="INFO">Clicking element 'xpath=/html/body/nav/div/div/ul/li[1]/a'.</msg>
<status status="PASS" starttime="20220409 21:41:35.174" endtime="20220409 21:41:35.436"/>
</kw>
<kw name="Sleep" library="BuiltIn">
<arg>2s</arg>
<doc>Pauses the test executed for the given time.</doc>
<msg timestamp="20220409 21:41:37.457" level="INFO">Slept 2 seconds</msg>
<status status="PASS" starttime="20220409 21:41:35.444" endtime="20220409 21:41:37.457"/>
</kw>
<kw name="Click Element" library="SeleniumLibrary">
<arg>xpath=/html/body/nav/div/div/ul/li[3]/a</arg>
<doc>Click the element identified by ``locator``.</doc>
<msg timestamp="20220409 21:41:37.457" level="INFO">Clicking element 'xpath=/html/body/nav/div/div/ul/li[3]/a'.</msg>
<status status="PASS" starttime="20220409 21:41:37.457" endtime="20220409 21:41:37.677"/>
</kw>
<kw name="Sleep" library="BuiltIn">
<arg>2s</arg>
<doc>Pauses the test executed for the given time.</doc>
<msg timestamp="20220409 21:41:39.686" level="INFO">Slept 2 seconds</msg>
<status status="PASS" starttime="20220409 21:41:37.680" endtime="20220409 21:41:39.686"/>
</kw>
<kw name="Click Element" library="SeleniumLibrary">
<arg>xpath=/html/body/nav/div/div/ul/li[2]/a</arg>
<doc>Click the element identified by ``locator``.</doc>
<msg timestamp="20220409 21:41:39.686" level="INFO">Clicking element 'xpath=/html/body/nav/div/div/ul/li[2]/a'.</msg>
<status status="PASS" starttime="20220409 21:41:39.686" endtime="20220409 21:41:39.886"/>
</kw>
<kw name="Sleep" library="BuiltIn">
<arg>2s</arg>
<doc>Pauses the test executed for the given time.</doc>
<msg timestamp="20220409 21:41:41.904" level="INFO">Slept 2 seconds</msg>
<status status="PASS" starttime="20220409 21:41:39.886" endtime="20220409 21:41:41.904"/>
</kw>
<kw name="Click Element" library="SeleniumLibrary">
<arg>xpath=/html/body/nav/div/a</arg>
<doc>Click the element identified by ``locator``.</doc>
<msg timestamp="20220409 21:41:41.904" level="INFO">Clicking element 'xpath=/html/body/nav/div/a'.</msg>
<status status="PASS" starttime="20220409 21:41:41.904" endtime="20220409 21:41:42.086"/>
</kw>
<kw name="Sleep" library="BuiltIn">
<arg>3s</arg>
<doc>Pauses the test executed for the given time.</doc>
<msg timestamp="20220409 21:41:45.098" level="INFO">Slept 3 seconds</msg>
<status status="PASS" starttime="20220409 21:41:42.086" endtime="20220409 21:41:45.098"/>
</kw>
<doc>logging out user</doc>
<tag>CRS</tag>
<status status="PASS" starttime="20220409 21:41:35.174" endtime="20220409 21:41:45.098"/>
</test>
<test id="s1-t10" name="login admin test case" line="109">
<kw name="Click Element" library="SeleniumLibrary">
<arg>xpath=/html/body/nav/div/div/ul/li[1]/a</arg>
<doc>Click the element identified by ``locator``.</doc>
<msg timestamp="20220409 21:41:45.101" level="INFO">Clicking element 'xpath=/html/body/nav/div/div/ul/li[1]/a'.</msg>
<status status="PASS" starttime="20220409 21:41:45.101" endtime="20220409 21:41:45.296"/>
</kw>
<kw name="Sleep" library="BuiltIn">
<arg>2s</arg>
<doc>Pauses the test executed for the given time.</doc>
<msg timestamp="20220409 21:41:47.312" level="INFO">Slept 2 seconds</msg>
<status status="PASS" starttime="20220409 21:41:45.296" endtime="20220409 21:41:47.312"/>
</kw>
<kw name="Input Text" library="SeleniumLibrary">
<arg>name:uname</arg>
<arg>admin</arg>
<doc>Types the given ``text`` into the text field identified by ``locator``.</doc>
<msg timestamp="20220409 21:41:47.312" level="INFO">Typing text 'admin' into text field 'name:uname'.</msg>
<status status="PASS" starttime="20220409 21:41:47.312" endtime="20220409 21:41:47.522"/>
</kw>
<kw name="Sleep" library="BuiltIn">
<arg>2s</arg>
<doc>Pauses the test executed for the given time.</doc>
<msg timestamp="20220409 21:41:49.542" level="INFO">Slept 2 seconds</msg>
<status status="PASS" starttime="20220409 21:41:47.522" endtime="20220409 21:41:49.542"/>
</kw>
<kw name="Input Text" library="SeleniumLibrary">
<arg>name:pswd</arg>
<arg>12345</arg>
<doc>Types the given ``text`` into the text field identified by ``locator``.</doc>
<msg timestamp="20220409 21:41:49.544" level="INFO">Typing text '12345' into text field 'name:pswd'.</msg>
<status status="PASS" starttime="20220409 21:41:49.542" endtime="20220409 21:41:49.737"/>
</kw>
<kw name="Sleep" library="BuiltIn">
<arg>2s</arg>
<doc>Pauses the test executed for the given time.</doc>
<msg timestamp="20220409 21:41:51.747" level="INFO">Slept 2 seconds</msg>
<status status="PASS" starttime="20220409 21:41:49.737" endtime="20220409 21:41:51.747"/>
</kw>
<kw name="Click Button" library="SeleniumLibrary">
<arg>xpath=/html/body/div/div/div/form/table/tbody/tr[3]/td[2]/button</arg>
<doc>Clicks the button identified by ``locator``.</doc>
<msg timestamp="20220409 21:41:51.750" level="INFO">Clicking button 'xpath=/html/body/div/div/div/form/table/tbody/tr[3]/td[2]/button'.</msg>
<status status="PASS" starttime="20220409 21:41:51.750" endtime="20220409 21:41:52.059"/>
</kw>
<kw name="Sleep" library="BuiltIn">
<arg>3s</arg>
<doc>Pauses the test executed for the given time.</doc>
<msg timestamp="20220409 21:41:55.060" level="INFO">Slept 3 seconds</msg>
<status status="PASS" starttime="20220409 21:41:52.059" endtime="20220409 21:41:55.060"/>
</kw>
<doc>admin login</doc>
<tag>CRS</tag>
<status status="PASS" starttime="20220409 21:41:45.101" endtime="20220409 21:41:55.060"/>
</test>
<test id="s1-t11" name="view all the reported crimes test case" line="124">
<kw name="Click Element" library="SeleniumLibrary">
<arg>xpath=/html/body/nav/div/div/ul/li[1]/a</arg>
<doc>Click the element identified by ``locator``.</doc>
<msg timestamp="20220409 21:41:55.067" level="INFO">Clicking element 'xpath=/html/body/nav/div/div/ul/li[1]/a'.</msg>
<status status="PASS" starttime="20220409 21:41:55.064" endtime="20220409 21:41:55.373"/>
</kw>
<kw name="Sleep" library="BuiltIn">
<arg>5s</arg>
<doc>Pauses the test executed for the given time.</doc>
<msg timestamp="20220409 21:42:00.379" level="INFO">Slept 5 seconds</msg>
<status status="PASS" starttime="20220409 21:41:55.373" endtime="20220409 21:42:00.379"/>
</kw>
<doc>viewing all crimes</doc>
<tag>CRS</tag>
<status status="PASS" starttime="20220409 21:41:55.064" endtime="20220409 21:42:00.379"/>
</test>
<test id="s1-t12" name="search a crime based on reported date test case" line="131">
<kw name="Click Element" library="SeleniumLibrary">
<arg>xpath=/html/body/nav/div/div/ul/li[2]/a</arg>
<doc>Click the element identified by ``locator``.</doc>
<msg timestamp="20220409 21:42:00.379" level="INFO">Clicking element 'xpath=/html/body/nav/div/div/ul/li[2]/a'.</msg>
<status status="PASS" starttime="20220409 21:42:00.379" endtime="20220409 21:42:00.607"/>
</kw>
<kw name="Sleep" library="BuiltIn">
<arg>2s</arg>
<doc>Pauses the test executed for the given time.</doc>
<msg timestamp="20220409 21:42:02.609" level="INFO">Slept 2 seconds</msg>
<status status="PASS" starttime="20220409 21:42:00.607" endtime="20220409 21:42:02.609"/>
</kw>
<kw name="Input Text" library="SeleniumLibrary">
<arg>name:date</arg>
<arg>3092022</arg>
<doc>Types the given ``text`` into the text field identified by ``locator``.</doc>
<msg timestamp="20220409 21:42:02.609" level="INFO">Typing text '3092022' into text field 'name:date'.</msg>
<status status="PASS" starttime="20220409 21:42:02.609" endtime="20220409 21:42:02.826"/>
</kw>
<kw name="Sleep" library="BuiltIn">
<arg>2s</arg>
<doc>Pauses the test executed for the given time.</doc>
<msg timestamp="20220409 21:42:04.838" level="INFO">Slept 2 seconds</msg>
<status status="PASS" starttime="20220409 21:42:02.826" endtime="20220409 21:42:04.838"/>
</kw>
<kw name="Click Button" library="SeleniumLibrary">
<arg>xpath=/html/body/div/div/div/form/table/tbody/tr[2]/td[2]/button</arg>
<doc>Clicks the button identified by ``locator``.</doc>
<msg timestamp="20220409 21:42:04.838" level="INFO">Clicking button 'xpath=/html/body/div/div/div/form/table/tbody/tr[2]/td[2]/button'.</msg>
<status status="PASS" starttime="20220409 21:42:04.838" endtime="20220409 21:42:05.083"/>
</kw>
<kw name="Sleep" library="BuiltIn">
<arg>5s</arg>
<doc>Pauses the test executed for the given time.</doc>
<msg timestamp="20220409 21:42:10.094" level="INFO">Slept 5 seconds</msg>
<status status="PASS" starttime="20220409 21:42:05.083" endtime="20220409 21:42:10.094"/>
</kw>
<kw name="Input Text" library="SeleniumLibrary">
<arg>name:date</arg>
<arg>4092022</arg>
<doc>Types the given ``text`` into the text field identified by ``locator``.</doc>
<msg timestamp="20220409 21:42:10.094" level="INFO">Typing text '4092022' into text field 'name:date'.</msg>
<status status="PASS" starttime="20220409 21:42:10.094" endtime="20220409 21:42:10.288"/>
</kw>
<kw name="Sleep" library="BuiltIn">
<arg>2s</arg>
<doc>Pauses the test executed for the given time.</doc>
<msg timestamp="20220409 21:42:12.292" level="INFO">Slept 2 seconds</msg>
<status status="PASS" starttime="20220409 21:42:10.288" endtime="20220409 21:42:12.292"/>
</kw>
<kw name="Click Button" library="SeleniumLibrary">
<arg>xpath=/html/body/div/div/div/form/table/tbody/tr[2]/td[2]/button</arg>
<doc>Clicks the button identified by ``locator``.</doc>
<msg timestamp="20220409 21:42:12.294" level="INFO">Clicking button 'xpath=/html/body/div/div/div/form/table/tbody/tr[2]/td[2]/button'.</msg>
<status status="PASS" starttime="20220409 21:42:12.292" endtime="20220409 21:42:12.516"/>
</kw>
<kw name="Sleep" library="BuiltIn">
<arg>5s</arg>
<doc>Pauses the test executed for the given time.</doc>
<msg timestamp="20220409 21:42:17.520" level="INFO">Slept 5 seconds</msg>
<status status="PASS" starttime="20220409 21:42:12.516" endtime="20220409 21:42:17.520"/>
</kw>
<doc>view all crimes by date</doc>
<tag>CRS</tag>
<status status="PASS" starttime="20220409 21:42:00.379" endtime="20220409 21:42:17.520"/>
</test>
<test id="s1-t13" name="logout from the website test case" line="146">
<kw name="Click Element" library="SeleniumLibrary">
<arg>xpath=/html/body/nav/div/div/ul/li[3]/a</arg>
<doc>Click the element identified by ``locator``.</doc>
<msg timestamp="20220409 21:42:17.520" level="INFO">Clicking element 'xpath=/html/body/nav/div/div/ul/li[3]/a'.</msg>
<status status="PASS" starttime="20220409 21:42:17.520" endtime="20220409 21:42:17.776"/>
</kw>
<kw name="Sleep" library="BuiltIn">
<arg>5s</arg>
<doc>Pauses the test executed for the given time.</doc>
<msg timestamp="20220409 21:42:22.790" level="INFO">Slept 5 seconds</msg>
<status status="PASS" starttime="20220409 21:42:17.781" endtime="20220409 21:42:22.790"/>
</kw>
<kw name="Close Browser" library="SeleniumLibrary">
<doc>Closes the current browser.</doc>
<status status="PASS" starttime="20220409 21:42:22.790" endtime="20220409 21:42:25.755"/>
</kw>
<doc>logging out</doc>
<tag>CRS</tag>
<status status="PASS" starttime="20220409 21:42:17.520" endtime="20220409 21:42:25.755"/>
</test>
<status status="PASS" starttime="20220409 21:40:25.062" endtime="20220409 21:42:25.755"/>
</suite>
<statistics>
<total>
<stat pass="13" fail="0" skip="0">All Tests</stat>
</total>
<tag>
<stat pass="13" fail="0" skip="0">CRS</stat>
</tag>
<suite>
<stat pass="13" fail="0" skip="0" id="s1" name="CRS">CRS</stat>
</suite>
</statistics>
<errors>
</errors>
</robot>
