<?xml version="1.0" encoding="UTF-8"?>
<robot generator="Robot 5.0 (Python 3.8.5 on win32)" generated="20220407 17:31:25.641" rpa="false" schemaversion="3">
<suite id="s1" name="Shopping" source="C:\Users\Prathmesh\Training\RoboticFramework\Tests\Flipkart\FunctionalTestSuite\shopping.robot">
<test id="s1-t1" name="Google test case" line="9">
<kw name="start test case">
<kw name="Open Browser" library="SeleniumLibrary">
<arg>${url}</arg>
<arg>chrome</arg>
<doc>Opens a new browser instance to the optional ``url``.</doc>
<msg timestamp="20220407 17:31:26.020" level="INFO">Opening browser 'chrome' to base url 'https://www.google.com/'.</msg>
<status status="PASS" starttime="20220407 17:31:26.020" endtime="20220407 17:31:30.149"/>
</kw>
<kw name="Maximize Browser Window" library="SeleniumLibrary">
<doc>Maximizes current browser window.</doc>
<status status="PASS" starttime="20220407 17:31:30.149" endtime="20220407 17:31:30.280"/>
</kw>
<status status="PASS" starttime="20220407 17:31:26.020" endtime="20220407 17:31:30.280"/>
</kw>
<kw name="search data">
<kw name="Input Text" library="SeleniumLibrary">
<arg>name:q</arg>
<arg>${search_parameter}</arg>
<doc>Types the given ``text`` into the text field identified by ``locator``.</doc>
<msg timestamp="20220407 17:31:30.282" level="INFO">Typing text 'flipkart' into text field 'name:q'.</msg>
<status status="PASS" starttime="20220407 17:31:30.281" endtime="20220407 17:31:30.424"/>
</kw>
<status status="PASS" starttime="20220407 17:31:30.281" endtime="20220407 17:31:30.424"/>
</kw>
<kw name="Submit Form" library="SeleniumLibrary">
<doc>Submits a form identified by ``locator``.</doc>
<msg timestamp="20220407 17:31:30.424" level="INFO">Submitting form 'None'.</msg>
<status status="PASS" starttime="20220407 17:31:30.424" endtime="20220407 17:31:38.723"/>
</kw>
<kw name="Click Element" library="SeleniumLibrary">
<arg>class:LC20lb</arg>
<doc>Click the element identified by ``locator``.</doc>
<msg timestamp="20220407 17:31:38.724" level="INFO">Clicking element 'class:LC20lb'.</msg>
<status status="PASS" starttime="20220407 17:31:38.724" endtime="20220407 17:31:40.445"/>
</kw>
<doc>it is simple google search test</doc>
<tag>google</tag>
<status status="PASS" starttime="20220407 17:31:26.018" endtime="20220407 17:31:40.446"/>
</test>
<test id="s1-t2" name="Flipkart product search" line="17">
<kw name="Sleep" library="BuiltIn">
<arg>2s</arg>
<doc>Pauses the test executed for the given time.</doc>
<msg timestamp="20220407 17:31:42.456" level="INFO">Slept 2 seconds</msg>
<status status="PASS" starttime="20220407 17:31:40.450" endtime="20220407 17:31:42.456"/>
</kw>
<kw name="Click Button" library="SeleniumLibrary">
<arg>class:_2KpZ6l</arg>
<doc>Clicks the button identified by ``locator``.</doc>
<msg timestamp="20220407 17:31:42.457" level="INFO">Clicking button 'class:_2KpZ6l'.</msg>
<status status="PASS" starttime="20220407 17:31:42.457" endtime="20220407 17:31:42.638"/>
</kw>
<kw name="flipkart search">
<kw name="Input Text" library="SeleniumLibrary">
<arg>name:q</arg>
<arg>iphone13</arg>
<doc>Types the given ``text`` into the text field identified by ``locator``.</doc>
<msg timestamp="20220407 17:31:42.640" level="INFO">Typing text 'iphone13' into text field 'name:q'.</msg>
<status status="PASS" starttime="20220407 17:31:42.639" endtime="20220407 17:31:42.810"/>
</kw>
<kw name="Click Button" library="SeleniumLibrary">
<arg>class:L0Z3Pu</arg>
<doc>Clicks the button identified by ``locator``.</doc>
<msg timestamp="20220407 17:31:42.811" level="INFO">Clicking button 'class:L0Z3Pu'.</msg>
<status status="PASS" starttime="20220407 17:31:42.810" endtime="20220407 17:31:43.020"/>
</kw>
<status status="PASS" starttime="20220407 17:31:42.639" endtime="20220407 17:31:43.020"/>
</kw>
<kw name="Sleep" library="BuiltIn">
<arg>5s</arg>
<doc>Pauses the test executed for the given time.</doc>
<msg timestamp="20220407 17:31:48.028" level="INFO">Slept 5 seconds</msg>
<status status="PASS" starttime="20220407 17:31:43.021" endtime="20220407 17:31:48.028"/>
</kw>
<doc>searching products on flipkart</doc>
<tag>flipkart</tag>
<status status="PASS" starttime="20220407 17:31:40.449" endtime="20220407 17:31:48.029"/>
</test>
<test id="s1-t3" name="Flipkart product selection" line="26">
<kw name="Click Element" library="SeleniumLibrary">
<arg>xpath=//html/body/div/div/div[3]/div[1]/div[2]/div[3]/div/div/div/a/div[2]/div[1]/div[1]</arg>
<doc>Click the element identified by ``locator``.</doc>
<msg timestamp="20220407 17:31:48.031" level="INFO">Clicking element 'xpath=//html/body/div/div/div[3]/div[1]/div[2]/div[3]/div/div/div/a/div[2]/div[1]/div[1]'.</msg>
<status status="PASS" starttime="20220407 17:31:48.031" endtime="20220407 17:31:48.184"/>
</kw>
<kw name="Sleep" library="BuiltIn">
<arg>5s</arg>
<doc>Pauses the test executed for the given time.</doc>
<msg timestamp="20220407 17:31:53.197" level="INFO">Slept 5 seconds</msg>
<status status="PASS" starttime="20220407 17:31:48.188" endtime="20220407 17:31:53.197"/>
</kw>
<doc>selecting product</doc>
<tag>flipkart</tag>
<status status="PASS" starttime="20220407 17:31:48.030" endtime="20220407 17:31:53.198"/>
</test>
<test id="s1-t4" name="Flipkart product buy" line="34">
<kw name="Switch Window" library="SeleniumLibrary">
<arg>title:APPLE iPhone 13 ( 128 GB GB Storage, 0 GB RAM ) Online at Best Price On Flipkart.com</arg>
<doc>Switches to browser window matching ``locator``.</doc>
<status status="PASS" starttime="20220407 17:31:53.200" endtime="20220407 17:31:53.391"/>
</kw>
<kw name="Click Button" library="SeleniumLibrary">
<arg>xpath=/html/body/div[1]/div/div[3]/div[1]/div[1]/div[2]/div/ul/li[2]/form/button</arg>
<doc>Clicks the button identified by ``locator``.</doc>
<msg timestamp="20220407 17:31:53.392" level="INFO">Clicking button 'xpath=/html/body/div[1]/div/div[3]/div[1]/div[1]/div[2]/div/ul/li[2]/form/button'.</msg>
<status status="PASS" starttime="20220407 17:31:53.392" endtime="20220407 17:31:53.504"/>
</kw>
<kw name="Sleep" library="BuiltIn">
<arg>5s</arg>
<doc>Pauses the test executed for the given time.</doc>
<msg timestamp="20220407 17:31:58.508" level="INFO">Slept 5 seconds</msg>
<status status="PASS" starttime="20220407 17:31:53.505" endtime="20220407 17:31:58.508"/>
</kw>
<doc>product purchase</doc>
<tag>flipkart</tag>
<status status="PASS" starttime="20220407 17:31:53.200" endtime="20220407 17:31:58.509"/>
</test>
<test id="s1-t5" name="Flipkart user login" line="42">
<kw name="Input Text" library="SeleniumLibrary">
<arg>class:_2IX_2-</arg>
<arg>test@gmail.com</arg>
<doc>Types the given ``text`` into the text field identified by ``locator``.</doc>
<msg timestamp="20220407 17:31:58.511" level="INFO">Typing text 'test@gmail.com' into text field 'class:_2IX_2-'.</msg>
<status status="PASS" starttime="20220407 17:31:58.511" endtime="20220407 17:31:58.675"/>
</kw>
<kw name="Click Button" library="SeleniumLibrary">
<arg>xpath=//html/body/div[1]/div/div[2]/div/div[1]/div[1]/div/div/div/div/div[1]/div/form/div[3]/button</arg>
<doc>Clicks the button identified by ``locator``.</doc>
<msg timestamp="20220407 17:31:58.675" level="INFO">Clicking button 'xpath=//html/body/div[1]/div/div[2]/div/div[1]/div[1]/div/div/div/div/div[1]/div/form/div[3]/button'.</msg>
<status status="PASS" starttime="20220407 17:31:58.675" endtime="20220407 17:31:58.792"/>
</kw>
<kw name="Sleep" library="BuiltIn">
<arg>5s</arg>
<doc>Pauses the test executed for the given time.</doc>
<msg timestamp="20220407 17:32:03.806" level="INFO">Slept 5 seconds</msg>
<status status="PASS" starttime="20220407 17:31:58.793" endtime="20220407 17:32:03.806"/>
</kw>
<kw name="stop test case">
<kw name="Close Browser" library="SeleniumLibrary">
<doc>Closes the current browser.</doc>
<status status="PASS" starttime="20220407 17:32:03.807" endtime="20220407 17:32:06.300"/>
</kw>
<status status="PASS" starttime="20220407 17:32:03.806" endtime="20220407 17:32:06.300"/>
</kw>
<doc>login</doc>
<tag>flipkart</tag>
<status status="PASS" starttime="20220407 17:31:58.510" endtime="20220407 17:32:06.301"/>
</test>
<status status="PASS" starttime="20220407 17:31:25.645" endtime="20220407 17:32:06.304"/>
</suite>
<statistics>
<total>
<stat pass="5" fail="0" skip="0">All Tests</stat>
</total>
<tag>
<stat pass="4" fail="0" skip="0">flipkart</stat>
<stat pass="1" fail="0" skip="0">google</stat>
</tag>
<suite>
<stat pass="5" fail="0" skip="0" id="s1" name="Shopping">Shopping</stat>
</suite>
</statistics>
<errors>
</errors>
</robot>
