<?xml version="1.0" encoding="UTF-8"?>
<robot generator="Robot 5.0 (Python 3.8.5 on win32)" generated="20220407 17:56:17.799" rpa="false" schemaversion="3">
<suite id="s1" name="Shopping" source="C:\Users\Prathmesh\Training\RoboticFramework\Tests\Flipkart\FunctionalTestSuite\shopping.robot">
<test id="s1-t1" name="Google test case" line="9">
<kw name="start test case" library="myKeywords">
<kw name="Open Browser" library="SeleniumLibrary">
<arg>${url}</arg>
<arg>chrome</arg>
<doc>Opens a new browser instance to the optional ``url``.</doc>
<msg timestamp="20220407 17:56:18.141" level="INFO">Opening browser 'chrome' to base url 'https://www.google.com/'.</msg>
<status status="PASS" starttime="20220407 17:56:18.140" endtime="20220407 17:56:21.724"/>
</kw>
<kw name="Maximize Browser Window" library="SeleniumLibrary">
<doc>Maximizes current browser window.</doc>
<status status="PASS" starttime="20220407 17:56:21.725" endtime="20220407 17:56:21.865"/>
</kw>
<status status="PASS" starttime="20220407 17:56:18.140" endtime="20220407 17:56:21.865"/>
</kw>
<kw name="search data" library="myKeywords">
<kw name="Input Text" library="SeleniumLibrary">
<arg>name:q</arg>
<arg>${search_parameter}</arg>
<doc>Types the given ``text`` into the text field identified by ``locator``.</doc>
<msg timestamp="20220407 17:56:21.866" level="INFO">Typing text 'flipkart' into text field 'name:q'.</msg>
<status status="PASS" starttime="20220407 17:56:21.866" endtime="20220407 17:56:22.111"/>
</kw>
<status status="PASS" starttime="20220407 17:56:21.866" endtime="20220407 17:56:22.112"/>
</kw>
<kw name="Submit Form" library="SeleniumLibrary">
<doc>Submits a form identified by ``locator``.</doc>
<msg timestamp="20220407 17:56:22.114" level="INFO">Submitting form 'None'.</msg>
<status status="PASS" starttime="20220407 17:56:22.113" endtime="20220407 17:56:29.109"/>
</kw>
<kw name="Click Element" library="SeleniumLibrary">
<arg>class:LC20lb</arg>
<doc>Click the element identified by ``locator``.</doc>
<msg timestamp="20220407 17:56:29.111" level="INFO">Clicking element 'class:LC20lb'.</msg>
<status status="PASS" starttime="20220407 17:56:29.110" endtime="20220407 17:56:30.833"/>
</kw>
<doc>it is simple google search test</doc>
<tag>google</tag>
<status status="PASS" starttime="20220407 17:56:18.138" endtime="20220407 17:56:30.834"/>
</test>
<test id="s1-t2" name="Flipkart product search" line="17">
<kw name="Sleep" library="BuiltIn">
<arg>2s</arg>
<doc>Pauses the test executed for the given time.</doc>
<msg timestamp="20220407 17:56:32.843" level="INFO">Slept 2 seconds</msg>
<status status="PASS" starttime="20220407 17:56:30.835" endtime="20220407 17:56:32.843"/>
</kw>
<kw name="Click Button" library="SeleniumLibrary">
<arg>class:_2KpZ6l</arg>
<doc>Clicks the button identified by ``locator``.</doc>
<msg timestamp="20220407 17:56:32.844" level="INFO">Clicking button 'class:_2KpZ6l'.</msg>
<status status="PASS" starttime="20220407 17:56:32.844" endtime="20220407 17:56:33.021"/>
</kw>
<kw name="flipkart search" library="myKeywords">
<kw name="Input Text" library="SeleniumLibrary">
<arg>name:q</arg>
<arg>iphone13</arg>
<doc>Types the given ``text`` into the text field identified by ``locator``.</doc>
<msg timestamp="20220407 17:56:33.023" level="INFO">Typing text 'iphone13' into text field 'name:q'.</msg>
<status status="PASS" starttime="20220407 17:56:33.022" endtime="20220407 17:56:33.210"/>
</kw>
<kw name="Click Button" library="SeleniumLibrary">
<arg>class:L0Z3Pu</arg>
<doc>Clicks the button identified by ``locator``.</doc>
<msg timestamp="20220407 17:56:33.210" level="INFO">Clicking button 'class:L0Z3Pu'.</msg>
<status status="PASS" starttime="20220407 17:56:33.210" endtime="20220407 17:56:33.351"/>
</kw>
<status status="PASS" starttime="20220407 17:56:33.021" endtime="20220407 17:56:33.351"/>
</kw>
<kw name="Sleep" library="BuiltIn">
<arg>5s</arg>
<doc>Pauses the test executed for the given time.</doc>
<msg timestamp="20220407 17:56:38.363" level="INFO">Slept 5 seconds</msg>
<status status="PASS" starttime="20220407 17:56:33.352" endtime="20220407 17:56:38.363"/>
</kw>
<doc>searching products on flipkart</doc>
<tag>flipkart</tag>
<status status="PASS" starttime="20220407 17:56:30.835" endtime="20220407 17:56:38.364"/>
</test>
<test id="s1-t3" name="Flipkart product selection" line="26">
<kw name="Click Element" library="SeleniumLibrary">
<arg>xpath=//html/body/div/div/div[3]/div[1]/div[2]/div[3]/div/div/div/a/div[2]/div[1]/div[1]</arg>
<doc>Click the element identified by ``locator``.</doc>
<msg timestamp="20220407 17:56:38.366" level="INFO">Clicking element 'xpath=//html/body/div/div/div[3]/div[1]/div[2]/div[3]/div/div/div/a/div[2]/div[1]/div[1]'.</msg>
<status status="PASS" starttime="20220407 17:56:38.366" endtime="20220407 17:56:38.515"/>
</kw>
<kw name="Sleep" library="BuiltIn">
<arg>5s</arg>
<doc>Pauses the test executed for the given time.</doc>
<msg timestamp="20220407 17:56:43.531" level="INFO">Slept 5 seconds</msg>
<status status="PASS" starttime="20220407 17:56:38.518" endtime="20220407 17:56:43.531"/>
</kw>
<doc>selecting product</doc>
<tag>flipkart</tag>
<status status="PASS" starttime="20220407 17:56:38.365" endtime="20220407 17:56:43.532"/>
</test>
<test id="s1-t4" name="Flipkart product buy" line="34">
<kw name="Switch Window" library="SeleniumLibrary">
<arg>title:APPLE iPhone 13 ( 128 GB GB Storage, 0 GB RAM ) Online at Best Price On Flipkart.com</arg>
<doc>Switches to browser window matching ``locator``.</doc>
<status status="PASS" starttime="20220407 17:56:43.535" endtime="20220407 17:56:43.765"/>
</kw>
<kw name="Click Button" library="SeleniumLibrary">
<arg>xpath=/html/body/div[1]/div/div[3]/div[1]/div[1]/div[2]/div/ul/li[2]/form/button</arg>
<doc>Clicks the button identified by ``locator``.</doc>
<msg timestamp="20220407 17:56:43.766" level="INFO">Clicking button 'xpath=/html/body/div[1]/div/div[3]/div[1]/div[1]/div[2]/div/ul/li[2]/form/button'.</msg>
<status status="PASS" starttime="20220407 17:56:43.766" endtime="20220407 17:56:43.880"/>
</kw>
<kw name="Sleep" library="BuiltIn">
<arg>5s</arg>
<doc>Pauses the test executed for the given time.</doc>
<msg timestamp="20220407 17:56:48.894" level="INFO">Slept 5 seconds</msg>
<status status="PASS" starttime="20220407 17:56:43.880" endtime="20220407 17:56:48.894"/>
</kw>
<doc>product purchase</doc>
<tag>flipkart</tag>
<status status="PASS" starttime="20220407 17:56:43.534" endtime="20220407 17:56:48.895"/>
</test>
<test id="s1-t5" name="Flipkart user login" line="42">
<kw name="Input Text" library="SeleniumLibrary">
<arg>class:_2IX_2-</arg>
<arg>test@gmail.com</arg>
<doc>Types the given ``text`` into the text field identified by ``locator``.</doc>
<msg timestamp="20220407 17:56:48.897" level="INFO">Typing text 'test@gmail.com' into text field 'class:_2IX_2-'.</msg>
<status status="PASS" starttime="20220407 17:56:48.897" endtime="20220407 17:56:49.061"/>
</kw>
<kw name="Click Button" library="SeleniumLibrary">
<arg>xpath=//html/body/div[1]/div/div[2]/div/div[1]/div[1]/div/div/div/div/div[1]/div/form/div[3]/button</arg>
<doc>Clicks the button identified by ``locator``.</doc>
<msg timestamp="20220407 17:56:49.061" level="INFO">Clicking button 'xpath=//html/body/div[1]/div/div[2]/div/div[1]/div[1]/div/div/div/div/div[1]/div/form/div[3]/button'.</msg>
<status status="PASS" starttime="20220407 17:56:49.061" endtime="20220407 17:56:49.176"/>
</kw>
<kw name="Sleep" library="BuiltIn">
<arg>5s</arg>
<doc>Pauses the test executed for the given time.</doc>
<msg timestamp="20220407 17:56:54.182" level="INFO">Slept 5 seconds</msg>
<status status="PASS" starttime="20220407 17:56:49.177" endtime="20220407 17:56:54.182"/>
</kw>
<kw name="stop test case" library="myKeywords">
<kw name="Close Browser" library="SeleniumLibrary">
<doc>Closes the current browser.</doc>
<status status="PASS" starttime="20220407 17:56:54.184" endtime="20220407 17:56:56.468"/>
</kw>
<status status="PASS" starttime="20220407 17:56:54.183" endtime="20220407 17:56:56.468"/>
</kw>
<doc>login</doc>
<tag>flipkart</tag>
<status status="PASS" starttime="20220407 17:56:48.896" endtime="20220407 17:56:56.469"/>
</test>
<status status="PASS" starttime="20220407 17:56:17.802" endtime="20220407 17:56:56.470"/>
</suite>
<statistics>
<total>
<stat pass="5" fail="0" skip="0">All Tests</stat>
</total>
<tag>
<stat pass="4" fail="0" skip="0">flipkart</stat>
<stat pass="1" fail="0" skip="0">google</stat>
</tag>
<suite>
<stat pass="5" fail="0" skip="0" id="s1" name="Shopping">Shopping</stat>
</suite>
</statistics>
<errors>
</errors>
</robot>
