<?xml version="1.0" encoding="UTF-8"?>
<robot generator="Robot 5.0 (Python 3.8.5 on win32)" generated="20220407 14:31:10.235" rpa="false" schemaversion="3">
<suite id="s1" name="Demo" source="C:\Users\Prathmesh\Training\RoboticFramework\Tests\SampleApp\FunctionalTestSuite\Demo.robot">
<test id="s1-t1" name="login page test case" line="7">
<kw name="Log" library="BuiltIn">
<arg>hello</arg>
<doc>Logs the given message with the given level.</doc>
<msg timestamp="20220407 14:31:10.558" level="INFO">hello</msg>
<status status="PASS" starttime="20220407 14:31:10.558" endtime="20220407 14:31:10.558"/>
</kw>
<doc>login for user</doc>
<tag>user</tag>
<status status="PASS" starttime="20220407 14:31:10.556" endtime="20220407 14:31:10.558"/>
</test>
<test id="s1-t2" name="Registration Page test case" line="12">
<kw name="Log" library="BuiltIn">
<arg>welcome</arg>
<doc>Logs the given message with the given level.</doc>
<msg timestamp="20220407 14:31:10.560" level="INFO">welcome</msg>
<status status="PASS" starttime="20220407 14:31:10.560" endtime="20220407 14:31:10.560"/>
</kw>
<doc>registration page for user</doc>
<tag>user</tag>
<status status="PASS" starttime="20220407 14:31:10.559" endtime="20220407 14:31:10.561"/>
</test>
<test id="s1-t3" name="Dashboard test case" line="17">
<kw name="Log" library="BuiltIn">
<arg>Dash</arg>
<doc>Logs the given message with the given level.</doc>
<msg timestamp="20220407 14:31:10.562" level="INFO">Dash</msg>
<status status="PASS" starttime="20220407 14:31:10.562" endtime="20220407 14:31:10.562"/>
</kw>
<doc>Dashboard for user</doc>
<status status="PASS" starttime="20220407 14:31:10.562" endtime="20220407 14:31:10.563"/>
</test>
<test id="s1-t4" name="Google test case" line="21">
<kw name="Open Browser" library="SeleniumLibrary">
<arg>https://www.google.com/</arg>
<arg>chrome</arg>
<doc>Opens a new browser instance to the optional ``url``.</doc>
<msg timestamp="20220407 14:31:10.564" level="INFO">Opening browser 'chrome' to base url 'https://www.google.com/'.</msg>
<status status="PASS" starttime="20220407 14:31:10.564" endtime="20220407 14:31:16.377"/>
</kw>
<kw name="Input Text" library="SeleniumLibrary">
<arg>name:q</arg>
<arg>HARMAN</arg>
<doc>Types the given ``text`` into the text field identified by ``locator``.</doc>
<msg timestamp="20220407 14:31:16.378" level="INFO">Typing text 'HARMAN' into text field 'name:q'.</msg>
<status status="PASS" starttime="20220407 14:31:16.377" endtime="20220407 14:31:16.498"/>
</kw>
<kw name="Submit Form" library="SeleniumLibrary">
<doc>Submits a form identified by ``locator``.</doc>
<msg timestamp="20220407 14:31:16.500" level="INFO">Submitting form 'None'.</msg>
<status status="PASS" starttime="20220407 14:31:16.499" endtime="20220407 14:31:24.056"/>
</kw>
<kw name="Close Browser" library="SeleniumLibrary">
<doc>Closes the current browser.</doc>
<status status="PASS" starttime="20220407 14:31:24.057" endtime="20220407 14:31:26.574"/>
</kw>
<doc>simple google test</doc>
<status status="PASS" starttime="20220407 14:31:10.563" endtime="20220407 14:31:26.574"/>
</test>
<status status="PASS" starttime="20220407 14:31:10.238" endtime="20220407 14:31:26.576"/>
</suite>
<statistics>
<total>
<stat pass="4" fail="0" skip="0">All Tests</stat>
</total>
<tag>
<stat pass="2" fail="0" skip="0">user</stat>
</tag>
<suite>
<stat pass="4" fail="0" skip="0" id="s1" name="Demo">Demo</stat>
</suite>
</statistics>
<errors>
</errors>
</robot>
