<?xml version="1.0" encoding="UTF-8"?>
<robot generator="Robot 5.0 (Python 3.8.5 on win32)" generated="20220408 14:48:49.331" rpa="false" schemaversion="3">
<suite id="s1" name="HMS" source="C:\Users\Prathmesh\Training\RoboticFramework\Tests\HospitalManagementSystem\FunctionalTestSuite\HMS.robot">
<test id="s1-t1" name="Google test case" line="13">
<kw name="Open Browser" library="SeleniumLibrary">
<arg>${url}</arg>
<arg>chrome</arg>
<doc>Opens a new browser instance to the optional ``url``.</doc>
<msg timestamp="20220408 14:48:49.703" level="INFO">Opening browser 'chrome' to base url 'http://127.0.0.1:5000/'.</msg>
<status status="PASS" starttime="20220408 14:48:49.703" endtime="20220408 14:48:51.871"/>
</kw>
<doc>simple hospital management to open test</doc>
<status status="PASS" starttime="20220408 14:48:49.702" endtime="20220408 14:48:51.872"/>
</test>
<test id="s1-t2" name="Login test case" line="20">
<kw name="Input Text" library="SeleniumLibrary">
<arg>xpath=//html/body/div/div/div/form/table/tbody/tr[1]/td[2]/input</arg>
<arg>admin</arg>
<doc>Types the given ``text`` into the text field identified by ``locator``.</doc>
<msg timestamp="20220408 14:48:51.876" level="INFO">Typing text 'admin' into text field 'xpath=//html/body/div/div/div/form/table/tbody/tr[1]/td[2]/input'.</msg>
<status status="PASS" starttime="20220408 14:48:51.875" endtime="20220408 14:48:51.996"/>
</kw>
<kw name="Input Text" library="SeleniumLibrary">
<arg>xpath=//html/body/div/div/div/form/table/tbody/tr[2]/td[2]/input</arg>
<arg>12345</arg>
<doc>Types the given ``text`` into the text field identified by ``locator``.</doc>
<msg timestamp="20220408 14:48:51.997" level="INFO">Typing text '12345' into text field 'xpath=//html/body/div/div/div/form/table/tbody/tr[2]/td[2]/input'.</msg>
<status status="PASS" starttime="20220408 14:48:51.996" endtime="20220408 14:48:52.092"/>
</kw>
<kw name="Click Button" library="SeleniumLibrary">
<arg>xpath=//html/body/div/div/div/form/table/tbody/tr[3]/td[2]/button</arg>
<doc>Clicks the button identified by ``locator``.</doc>
<msg timestamp="20220408 14:48:52.093" level="INFO">Clicking button 'xpath=//html/body/div/div/div/form/table/tbody/tr[3]/td[2]/button'.</msg>
<status status="PASS" starttime="20220408 14:48:52.093" endtime="20220408 14:48:52.345"/>
</kw>
<kw name="Sleep" library="BuiltIn">
<arg>5s</arg>
<doc>Pauses the test executed for the given time.</doc>
<msg timestamp="20220408 14:48:57.360" level="INFO">Slept 5 seconds</msg>
<status status="PASS" starttime="20220408 14:48:52.346" endtime="20220408 14:48:57.360"/>
</kw>
<doc>user login test case</doc>
<tag>HMS</tag>
<status status="PASS" starttime="20220408 14:48:51.874" endtime="20220408 14:48:57.361"/>
</test>
<test id="s1-t3" name="View Patients test case" line="30">
<kw name="Click Element" library="SeleniumLibrary">
<arg>xpath=//html/body/nav/div/div/ul/li[2]/a</arg>
<doc>Click the element identified by ``locator``.</doc>
<msg timestamp="20220408 14:48:57.365" level="INFO">Clicking element 'xpath=//html/body/nav/div/div/ul/li[2]/a'.</msg>
<status status="PASS" starttime="20220408 14:48:57.365" endtime="20220408 14:48:57.508"/>
</kw>
<kw name="Sleep" library="BuiltIn">
<arg>5s</arg>
<doc>Pauses the test executed for the given time.</doc>
<msg timestamp="20220408 14:49:02.516" level="INFO">Slept 5 seconds</msg>
<status status="PASS" starttime="20220408 14:48:57.508" endtime="20220408 14:49:02.516"/>
</kw>
<kw name="Close Browser" library="SeleniumLibrary">
<doc>Closes the current browser.</doc>
<status status="PASS" starttime="20220408 14:49:02.517" endtime="20220408 14:49:04.833"/>
</kw>
<doc>view paitents list test case</doc>
<tag>HMS</tag>
<status status="PASS" starttime="20220408 14:48:57.364" endtime="20220408 14:49:04.833"/>
</test>
<status status="PASS" starttime="20220408 14:48:49.335" endtime="20220408 14:49:04.835"/>
</suite>
<statistics>
<total>
<stat pass="3" fail="0" skip="0">All Tests</stat>
</total>
<tag>
<stat pass="2" fail="0" skip="0">HMS</stat>
</tag>
<suite>
<stat pass="3" fail="0" skip="0" id="s1" name="HMS">HMS</stat>
</suite>
</statistics>
<errors>
</errors>
</robot>
